<?xml version="1.0" encoding="UTF-8"?>
<!-- Generated by org.testng.reporters.JUnitReportReporter -->
<testsuite hostname="MININT-1P8L5VT" name="com.ncubo.analytics.test.util.CorreoTest" tests="1" failures="0" timestamp="5 Apr 2016 17:37:46 GMT" time="4.017" errors="0">
  <testcase name="correo" time="4.017" classname="com.ncubo.analytics.test.util.CorreoTest"/>
</testsuite> <!-- com.ncubo.analytics.test.util.CorreoTest -->
