<?xml version="1.0" encoding="UTF-8"?>
<!-- Generated by org.testng.reporters.JUnitReportReporter -->
<testsuite hostname="MININT-1P8L5VT" name="com.ncubo.analytics.test.util.AnalyticsDatosTest" tests="1" failures="0" timestamp="5 Apr 2016 21:10:02 GMT" time="3.345" errors="0">
  <testcase name="analytics" time="3.345" classname="com.ncubo.analytics.test.util.AnalyticsDatosTest"/>
</testsuite> <!-- com.ncubo.analytics.test.util.AnalyticsDatosTest -->
